<?xml version="1.0" encoding="UTF-8"?>
<!-- Generated by org.testng.reporters.JUnitReportReporter -->
<testsuite hostname="k" name="com.cpeoc.weixin.testcases.WeiFuWu" tests="1" failures="0" timestamp="11 Apr 2018 03:19:40 GMT" time="85.960" errors="0">
  <testcase name="testOpenMenu" time="85.960" classname="com.cpeoc.weixin.testcases.WeiFuWu"/>
</testsuite> <!-- com.cpeoc.weixin.testcases.WeiFuWu -->
