<?xml version="1.0" encoding="UTF-8"?>
<!-- Generated by org.testng.reporters.JUnitReportReporter -->
<testsuite hostname="k" name="com.cpeoc.weixin.testcases.FenSiZhuanXiang" tests="1" failures="0" timestamp="13 Apr 2018 08:38:03 GMT" time="87.476" errors="0">
  <testcase name="testOpenMenu" time="87.476" classname="com.cpeoc.weixin.testcases.FenSiZhuanXiang"/>
</testsuite> <!-- com.cpeoc.weixin.testcases.FenSiZhuanXiang -->
