<?xml version="1.0" encoding="UTF-8"?>
<!-- Generated by org.testng.reporters.JUnitReportReporter -->
<testsuite hostname="k" name="com.cpeoc.weixin.testcases.WeiShangCheng" tests="1" failures="0" timestamp="13 Apr 2018 08:38:03 GMT" time="50.742" errors="0">
  <testcase name="testOpenMenu" time="50.742" classname="com.cpeoc.weixin.testcases.WeiShangCheng"/>
</testsuite> <!-- com.cpeoc.weixin.testcases.WeiShangCheng -->
