<?xml version="1.0" encoding="UTF-8"?>
<!-- Generated by org.testng.reporters.JUnitReportReporter -->
<testsuite hostname="k" name="com.cpeoc.weixin.testcases.WeiFuWu" tests="1" failures="0" timestamp="13 Apr 2018 08:38:03 GMT" time="79.887" errors="0">
  <testcase name="testOpenMenu" time="79.887" classname="com.cpeoc.weixin.testcases.WeiFuWu"/>
</testsuite> <!-- com.cpeoc.weixin.testcases.WeiFuWu -->
